Arguments: 
  C:\Program Files\nodejs\node.exe C:\Users\User\.yarn\releases\yarn-1.22.19.cjs start

PATH: 
  C:\Users\User\bin;C:\Program Files\Git\mingw64\bin;C:\Program Files\Git\usr\local\bin;C:\Program Files\Git\usr\bin;C:\Program Files\Git\usr\bin;C:\Program Files\Git\mingw64\bin;C:\Program Files\Git\usr\bin;C:\Users\User\bin;C:\Program Files\Common Files\Oracle\Java\javapath;C:\Python310\Scripts;C:\Python310;C:\Windows\system32;C:\Windows;C:\Windows\System32\Wbem;C:\Windows\System32\WindowsPowerShell\v1.0;C:\Windows\System32\OpenSSH;C:\Program Files (x86)\NVIDIA Corporation\PhysX\Common;C:\Program Files\NVIDIA Corporation\NVIDIA NvDLISR;C:\Program Files\Git\cmd;C:\Program Files\Microsoft SQL Server\Client SDK\ODBC\170\Tools\Binn;C:\Program Files\dotnet;C:\ProgramData\chocolatey\bin;C:\Program Files\Java\jdk-19\bin;C:\Program Files\nodejs;%AppData%\npm;C:\Program Files\MongoDB\mongosh\bin;C:\Program Files\MongoDB\Server\6.0\bin;C:\Program Files\MySQL\MySQL Shell 8.0\bin;C:\Users\User\AppData\Local\Microsoft\WindowsApps;C:\Users\User\AppData\Local\Programs\Microsoft VS Code\bin;C:\Program Files\Azure Data Studio\bin;C:\Users\User\.dotnet\tools;C:\Users\User\AppData\Roaming\npm;C:\Program Files\Git\usr\bin\vendor_perl;C:\Program Files\Git\usr\bin\core_perl

Yarn version: 
  1.22.19

Node version: 
  18.12.1

Platform: 
  win32 x64

Trace: 
  SyntaxError: E:\.javascript\C. mainProject\messaging-app\package.json: Unexpected token / in JSON at position 140
      at JSON.parse (<anonymous>)
      at C:\Users\User\.yarn\releases\yarn-1.22.19.cjs:1104:57
      at Generator.next (<anonymous>)
      at step (C:\Users\User\.yarn\releases\yarn-1.22.19.cjs:310:30)
      at C:\Users\User\.yarn\releases\yarn-1.22.19.cjs:321:13

npm manifest: 
  {
    "name": "chat-application",
    "version": "1.0.0",
    "main": "app.js",
    "scripts": {
      "start": "NODE_ENV=production node app.js"
      // "start": "NODE_ENV=development nodemon app.js",
      // "prod": "NODE_ENV=production node app.js"
    },
    "repository": {
      "type": "git"
    },
    "license": "UNLICENSED",
    
    "dependencies": {
      "bcrypt": "^5.1.0",
      "cookie-parser": "^1.4.6",
      "dotenv": "^10.0.0",
      "ejs": "^3.1.8",
      "express": "^4.18.2",
      "express-validator": "^6.14.3",
      "http-errors": "^1.8.1",
      "jsonwebtoken": "^8.5.1",
      "moment": "^2.29.4",
      "mongoose": "^5.13.15",
      "multer": "^1.4.4",
      "socket.io": "^4.5.4"
    }
  }

yarn manifest: 
  No manifest

Lockfile: 
  No lockfile
